This is pdfTeX, Version 3.141592653-2.6-1.40.22 (TeX Live 2022/dev/Debian) (preloaded format=pdflatex 2022.10.18)  18 OCT 2022 12:17
entering extended mode
 restricted \write18 enabled.
 %&-line parsing enabled.
**report_consumi.tex
(./report_consumi.tex
LaTeX2e <2021-11-15> patch level 1
L3 programming layer <2022-01-21>
(/usr/share/texlive/texmf-dist/tex/latex/base/article.cls
Document Class: article 2021/10/04 v1.4n Standard LaTeX document class
(/usr/share/texlive/texmf-dist/tex/latex/base/size10.clo
File: size10.clo 2021/10/04 v1.4n Standard LaTeX file (size option)
)
\c@part=\count185
\c@section=\count186
\c@subsection=\count187
\c@subsubsection=\count188
\c@paragraph=\count189
\c@subparagraph=\count190
\c@figure=\count191
\c@table=\count192
\abovecaptionskip=\skip47
\belowcaptionskip=\skip48
\bibindent=\dimen138
)
(/usr/share/texlive/texmf-dist/tex/latex/base/inputenc.sty
Package: inputenc 2021/02/14 v1.3d Input encoding file
\inpenc@prehook=\toks16
\inpenc@posthook=\toks17
)
(/usr/share/texlive/texmf-dist/tex/latex/amsmath/amsmath.sty
Package: amsmath 2021/10/15 v2.17l AMS math features
\@mathmargin=\skip49

For additional information on amsmath, use the `?' option.
(/usr/share/texlive/texmf-dist/tex/latex/amsmath/amstext.sty
Package: amstext 2021/08/26 v2.01 AMS text

(/usr/share/texlive/texmf-dist/tex/latex/amsmath/amsgen.sty
File: amsgen.sty 1999/11/30 v2.0 generic functions
\@emptytoks=\toks18
\ex@=\dimen139
))
(/usr/share/texlive/texmf-dist/tex/latex/amsmath/amsbsy.sty
Package: amsbsy 1999/11/29 v1.2d Bold Symbols
\pmbraise@=\dimen140
)
(/usr/share/texlive/texmf-dist/tex/latex/amsmath/amsopn.sty
Package: amsopn 2021/08/26 v2.02 operator names
)
\inf@bad=\count193
LaTeX Info: Redefining \frac on input line 234.
\uproot@=\count194
\leftroot@=\count195
LaTeX Info: Redefining \overline on input line 399.
\classnum@=\count196
\DOTSCASE@=\count197
LaTeX Info: Redefining \ldots on input line 496.
LaTeX Info: Redefining \dots on input line 499.
LaTeX Info: Redefining \cdots on input line 620.
\Mathstrutbox@=\box50
\strutbox@=\box51
\big@size=\dimen141
LaTeX Font Info:    Redeclaring font encoding OML on input line 743.
LaTeX Font Info:    Redeclaring font encoding OMS on input line 744.
\macc@depth=\count198
\c@MaxMatrixCols=\count199
\dotsspace@=\muskip16
\c@parentequation=\count266
\dspbrk@lvl=\count267
\tag@help=\toks19
\row@=\count268
\column@=\count269
\maxfields@=\count270
\andhelp@=\toks20
\eqnshift@=\dimen142
\alignsep@=\dimen143
\tagshift@=\dimen144
\tagwidth@=\dimen145
\totwidth@=\dimen146
\lineht@=\dimen147
\@envbody=\toks21
\multlinegap=\skip50
\multlinetaggap=\skip51
\mathdisplay@stack=\toks22
LaTeX Info: Redefining \[ on input line 2938.
LaTeX Info: Redefining \] on input line 2939.
)
(/usr/share/texlive/texmf-dist/tex/latex/amsfonts/amsfonts.sty
Package: amsfonts 2013/01/14 v3.01 Basic AMSFonts support
\symAMSa=\mathgroup4
\symAMSb=\mathgroup5
LaTeX Font Info:    Redeclaring math symbol \hbar on input line 98.
LaTeX Font Info:    Overwriting math alphabet `\mathfrak' in version `bold'
(Font)                  U/euf/m/n --> U/euf/b/n on input line 106.
)
(/usr/share/texlive/texmf-dist/tex/latex/wrapfig/wrapfig.sty
\wrapoverhang=\dimen148
\WF@size=\dimen149
\c@WF@wrappedlines=\count271
\WF@box=\box52
\WF@everypar=\toks23
Package: wrapfig 2003/01/31  v 3.6
)
(/usr/share/texlive/texmf-dist/tex/latex/amsfonts/amssymb.sty
Package: amssymb 2013/01/14 v3.01 AMS font symbols
)
(/usr/share/texlive/texmf-dist/tex/latex/enumitem/enumitem.sty
Package: enumitem 2019/06/20 v3.9 Customized lists
\enitkv@toks@=\toks24
\labelindent=\skip52
\enit@outerparindent=\dimen150
\enit@toks=\toks25
\enit@inbox=\box53
\enit@count@id=\count272
\enitdp@description=\count273
)
(/usr/share/texlive/texmf-dist/tex/latex/graphics/graphicx.sty
Package: graphicx 2021/09/16 v1.2d Enhanced LaTeX Graphics (DPC,SPQR)

(/usr/share/texlive/texmf-dist/tex/latex/graphics/keyval.sty
Package: keyval 2014/10/28 v1.15 key=value parser (DPC)
\KV@toks@=\toks26
)
(/usr/share/texlive/texmf-dist/tex/latex/graphics/graphics.sty
Package: graphics 2021/03/04 v1.4d Standard LaTeX Graphics (DPC,SPQR)

(/usr/share/texlive/texmf-dist/tex/latex/graphics/trig.sty
Package: trig 2021/08/11 v1.11 sin cos tan (DPC)
)
(/usr/share/texlive/texmf-dist/tex/latex/graphics-cfg/graphics.cfg
File: graphics.cfg 2016/06/04 v1.11 sample graphics configuration
)
Package graphics Info: Driver file: pdftex.def on input line 107.

(/usr/share/texlive/texmf-dist/tex/latex/graphics-def/pdftex.def
File: pdftex.def 2020/10/05 v1.2a Graphics/color driver for pdftex
))
\Gin@req@height=\dimen151
\Gin@req@width=\dimen152
)
(/usr/share/texlive/texmf-dist/tex/latex/lipsum/lipsum.sty
(/usr/share/texlive/texmf-dist/tex/latex/l3packages/l3keys2e/l3keys2e.sty
(/usr/share/texlive/texmf-dist/tex/latex/l3kernel/expl3.sty
Package: expl3 2022-01-21 L3 programming layer (loader) 

(/usr/share/texlive/texmf-dist/tex/latex/l3backend/l3backend-pdftex.def
File: l3backend-pdftex.def 2022-01-12 L3 backend support: PDF output (pdfTeX)
\l__color_backend_stack_int=\count274
\l__pdf_internal_box=\box54
))
Package: l3keys2e 2022-01-12 LaTeX2e option processing using LaTeX3 keys
)
Package: lipsum 2021-09-20 v2.7 150 paragraphs of Lorem Ipsum dummy text
\g__lipsum_par_int=\count275
\l__lipsum_a_int=\count276
\l__lipsum_b_int=\count277

(/usr/share/texlive/texmf-dist/tex/latex/lipsum/lipsum.ltd.tex))
(./report_consumi.aux)
\openout1 = `report_consumi.aux'.

LaTeX Font Info:    Checking defaults for OML/cmm/m/it on input line 14.
LaTeX Font Info:    ... okay on input line 14.
LaTeX Font Info:    Checking defaults for OMS/cmsy/m/n on input line 14.
LaTeX Font Info:    ... okay on input line 14.
LaTeX Font Info:    Checking defaults for OT1/cmr/m/n on input line 14.
LaTeX Font Info:    ... okay on input line 14.
LaTeX Font Info:    Checking defaults for T1/cmr/m/n on input line 14.
LaTeX Font Info:    ... okay on input line 14.
LaTeX Font Info:    Checking defaults for TS1/cmr/m/n on input line 14.
LaTeX Font Info:    ... okay on input line 14.
LaTeX Font Info:    Checking defaults for OMX/cmex/m/n on input line 14.
LaTeX Font Info:    ... okay on input line 14.
LaTeX Font Info:    Checking defaults for U/cmr/m/n on input line 14.
LaTeX Font Info:    ... okay on input line 14.

(/usr/share/texlive/texmf-dist/tex/context/base/mkii/supp-pdf.mkii
[Loading MPS to PDF converter (version 2006.09.02).]
\scratchcounter=\count278
\scratchdimen=\dimen153
\scratchbox=\box55
\nofMPsegments=\count279
\nofMParguments=\count280
\everyMPshowfont=\toks27
\MPscratchCnt=\count281
\MPscratchDim=\dimen154
\MPnumerator=\count282
\makeMPintoPDFobject=\count283
\everyMPtoPDFconversion=\toks28
) (/usr/share/texlive/texmf-dist/tex/latex/epstopdf-pkg/epstopdf-base.sty
Package: epstopdf-base 2020-01-24 v2.11 Base part for package epstopdf
Package epstopdf-base Info: Redefining graphics rule for `.eps' on input line 4
85.

(/usr/share/texlive/texmf-dist/tex/latex/latexconfig/epstopdf-sys.cfg
File: epstopdf-sys.cfg 2010/07/13 v1.3 Configuration of (r)epstopdf for TeX Liv
e
))
LaTeX Font Info:    Trying to load font information for U+msa on input line 15.


(/usr/share/texlive/texmf-dist/tex/latex/amsfonts/umsa.fd
File: umsa.fd 2013/01/14 v3.01 AMS symbols A
)
LaTeX Font Info:    Trying to load font information for U+msb on input line 15.


(/usr/share/texlive/texmf-dist/tex/latex/amsfonts/umsb.fd
File: umsb.fd 2013/01/14 v3.01 AMS symbols B
)
(./report_consumi.lof)
\tf@lof=\write3
\openout3 = `report_consumi.lof'.

<images//image2.png, id=1, 1003.75pt x 501.875pt>
File: images//image2.png Graphic file (type png)
<use images//image2.png>
Package pdftex.def Info: images//image2.png  used on input line 21.
(pdftex.def)             Requested size: 401.49289pt x 200.74643pt.

Overfull \hbox (56.49289pt too wide) in paragraph at lines 21--22
 [][] 
 []

<images//image43.png, id=3, 1003.75pt x 501.875pt>
File: images//image43.png Graphic file (type png)
<use images//image43.png>
Package pdftex.def Info: images//image43.png  used on input line 29.
(pdftex.def)             Requested size: 172.5pt x 86.24423pt.
<images//image41.png, id=4, 1003.75pt x 501.875pt>
File: images//image41.png Graphic file (type png)
<use images//image41.png>
Package pdftex.def Info: images//image41.png  used on input line 30.
(pdftex.def)             Requested size: 401.49289pt x 200.74643pt.

Overfull \hbox (56.49289pt too wide) in paragraph at lines 29--32
 [] 
 []


LaTeX Warning: `h' float specifier changed to `ht'.

<images//image4.png, id=5, 1003.75pt x 501.875pt>
File: images//image4.png Graphic file (type png)
<use images//image4.png>
Package pdftex.def Info: images//image4.png  used on input line 36.
(pdftex.def)             Requested size: 401.49289pt x 200.74643pt.
<images//image7.png, id=6, 1003.75pt x 501.875pt>
File: images//image7.png Graphic file (type png)
<use images//image7.png>
Package pdftex.def Info: images//image7.png  used on input line 37.
(pdftex.def)             Requested size: 401.49289pt x 200.74643pt.

Overfull \hbox (56.49289pt too wide) in paragraph at lines 36--38
 [][] 
 []


Overfull \hbox (56.49289pt too wide) in paragraph at lines 36--38
 [] 
 []


LaTeX Warning: `h' float specifier changed to `ht'.

<images//image25.png, id=7, 1003.75pt x 501.875pt>
File: images//image25.png Graphic file (type png)
<use images//image25.png>
Package pdftex.def Info: images//image25.png  used on input line 46.
(pdftex.def)             Requested size: 401.49289pt x 200.74643pt.
<images//image34.png, id=8, 1003.75pt x 501.875pt>
File: images//image34.png Graphic file (type png)
<use images//image34.png>
Package pdftex.def Info: images//image34.png  used on input line 47.
(pdftex.def)             Requested size: 401.49289pt x 200.74643pt.

Overfull \hbox (56.49289pt too wide) in paragraph at lines 46--48
 [][] 
 []


Overfull \hbox (56.49289pt too wide) in paragraph at lines 46--48
 [] 
 []


LaTeX Warning: `h' float specifier changed to `ht'.

<images//image19.png, id=9, 1003.75pt x 501.875pt>
File: images//image19.png Graphic file (type png)
<use images//image19.png>
Package pdftex.def Info: images//image19.png  used on input line 57.
(pdftex.def)             Requested size: 401.49289pt x 200.74643pt.
<images//image37.png, id=10, 1003.75pt x 501.875pt>
File: images//image37.png Graphic file (type png)
<use images//image37.png>
Package pdftex.def Info: images//image37.png  used on input line 58.
(pdftex.def)             Requested size: 401.49289pt x 200.74643pt.

Overfull \hbox (56.49289pt too wide) in paragraph at lines 57--59
 [][] 
 []


Overfull \hbox (56.49289pt too wide) in paragraph at lines 57--59
 [] 
 []


LaTeX Warning: `h' float specifier changed to `ht'.

<images//image10.png, id=11, 1003.75pt x 501.875pt>
File: images//image10.png Graphic file (type png)
<use images//image10.png>
Package pdftex.def Info: images//image10.png  used on input line 82.
(pdftex.def)             Requested size: 401.49289pt x 200.74643pt.
<images//image38.png, id=12, 1003.75pt x 501.875pt>
File: images//image38.png Graphic file (type png)
<use images//image38.png>
Package pdftex.def Info: images//image38.png  used on input line 83.
(pdftex.def)             Requested size: 401.49289pt x 200.74643pt.

Overfull \hbox (56.49289pt too wide) in paragraph at lines 81--84
[] 
 []


Overfull \hbox (56.49289pt too wide) in paragraph at lines 81--84
[]  
 []


LaTeX Warning: `h' float specifier changed to `ht'.

<images//image8.png, id=13, 1003.75pt x 501.875pt>
File: images//image8.png Graphic file (type png)
<use images//image8.png>
Package pdftex.def Info: images//image8.png  used on input line 91.
(pdftex.def)             Requested size: 401.49289pt x 200.74643pt.
<images//image39.png, id=14, 1003.75pt x 501.875pt>
File: images//image39.png Graphic file (type png)
<use images//image39.png>
Package pdftex.def Info: images//image39.png  used on input line 92.
(pdftex.def)             Requested size: 401.49289pt x 200.74643pt.

Overfull \hbox (56.49289pt too wide) in paragraph at lines 90--93
[] 
 []


Overfull \hbox (56.49289pt too wide) in paragraph at lines 90--93
[]  
 []


LaTeX Warning: `h' float specifier changed to `ht'.

File: images//image19.png Graphic file (type png)
<use images//image19.png>
Package pdftex.def Info: images//image19.png  used on input line 101.
(pdftex.def)             Requested size: 401.49289pt x 200.74643pt.
File: images//image37.png Graphic file (type png)
<use images//image37.png>
Package pdftex.def Info: images//image37.png  used on input line 102.
(pdftex.def)             Requested size: 401.49289pt x 200.74643pt.

Overfull \hbox (56.49289pt too wide) in paragraph at lines 101--103
 [][] 
 []


Overfull \hbox (56.49289pt too wide) in paragraph at lines 101--103
 [] 
 []


LaTeX Warning: `h' float specifier changed to `ht'.

<images//image30.png, id=15, 1003.75pt x 501.875pt>
File: images//image30.png Graphic file (type png)
<use images//image30.png>
Package pdftex.def Info: images//image30.png  used on input line 116.
(pdftex.def)             Requested size: 401.49289pt x 200.74643pt.
<images//image35.png, id=16, 1003.75pt x 501.875pt>
File: images//image35.png Graphic file (type png)
<use images//image35.png>
Package pdftex.def Info: images//image35.png  used on input line 117.
(pdftex.def)             Requested size: 401.49289pt x 200.74643pt.

Overfull \hbox (56.49289pt too wide) in paragraph at lines 116--118
 [][] 
 []


Overfull \hbox (56.49289pt too wide) in paragraph at lines 116--118
 [] 
 []

<images//cpus.png, id=17, 893.3375pt x 103.38625pt>
File: images//cpus.png Graphic file (type png)
<use images//cpus.png>
Package pdftex.def Info: images//cpus.png  used on input line 122.
(pdftex.def)             Requested size: 357.32866pt x 41.35376pt.

Overfull \hbox (12.32866pt too wide) in paragraph at lines 122--123
 [] 
 []


LaTeX Warning: `h' float specifier changed to `ht'.

<images//image33.png, id=18, 1003.75pt x 501.875pt>
File: images//image33.png Graphic file (type png)
<use images//image33.png>
Package pdftex.def Info: images//image33.png  used on input line 131.
(pdftex.def)             Requested size: 401.49289pt x 200.74643pt.
<images//image36.png, id=19, 1003.75pt x 501.875pt>
File: images//image36.png Graphic file (type png)
<use images//image36.png>
Package pdftex.def Info: images//image36.png  used on input line 132.
(pdftex.def)             Requested size: 401.49289pt x 200.74643pt.

Overfull \hbox (56.49289pt too wide) in paragraph at lines 131--133
 [][] 
 []


Overfull \hbox (56.49289pt too wide) in paragraph at lines 131--133
 [] 
 []


LaTeX Warning: `h' float specifier changed to `ht'.

[1

{/var/lib/texmf/fonts/map/pdftex/updmap/pdftex.map} <./images//image2.png>]
[2 <./images//image43.png> <./images//image41.png>] [3 <./images//image4.png> <
./images//image7.png>] [4 <./images//image25.png> <./images//image34.png>]
[5 <./images//image19.png> <./images//image37.png>] [6 <./images//image10.png> 
<./images//image38.png>] [7 <./images//image8.png> <./images//image39.png>]
[8] [9 <./images//image30.png> <./images//image35.png> <./images//cpus.png>]
[10 <./images//image33.png> <./images//image36.png>] (./report_consumi.aux) ) 
Here is how much of TeX's memory you used:
 3609 strings out of 480204
 59469 string characters out of 5895009
 434766 words of memory out of 5000000
 21528 multiletter control sequences out of 15000+600000
 477150 words of font info for 59 fonts, out of 8000000 for 9000
 36 hyphenation exceptions out of 8191
 68i,7n,77p,252b,399s stack positions out of 5000i,500n,10000p,200000b,80000s
 <
/home/msalvati1997/.texlive2021/texmf-var/fonts/pk/ljfour/jknappen/ec/tcrm1000.
600pk></usr/share/texlive/texmf-dist/fonts/type1/public/amsfonts/cm/cmbx10.pfb>
</usr/share/texlive/texmf-dist/fonts/type1/public/amsfonts/cm/cmbx12.pfb></usr/
share/texlive/texmf-dist/fonts/type1/public/amsfonts/cm/cmr10.pfb></usr/share/t
exlive/texmf-dist/fonts/type1/public/amsfonts/cm/cmr12.pfb></usr/share/texlive/
texmf-dist/fonts/type1/public/amsfonts/cm/cmr17.pfb>
Output written on report_consumi.pdf (10 pages, 1414521 bytes).
PDF statistics:
 104 PDF objects out of 1000 (max. 8388607)
 44 compressed objects within 1 object stream
 0 named destinations out of 1000 (max. 500000)
 91 words of extra memory for PDF output out of 10000 (max. 10000000)

